<?xml version="1.0" encoding="UTF-8"?>
<testng-results skipped="0" failed="0" total="1" passed="1">
  <reporter-output>
  </reporter-output>
  <suite name="Surefire suite" duration-ms="90829" started-at="2019-02-22T08:41:01Z" finished-at="2019-02-22T08:42:32Z">
    <groups>
    </groups>
    <test name="Surefire test" duration-ms="90829" started-at="2019-02-22T08:41:01Z" finished-at="2019-02-22T08:42:32Z">
      <class name="com.maven.testproject.com.maven.testproject.AppTest">
        <test-method status="PASS" signature="launchWebsite()[pri:0, instance:launchWebsite(com.maven.testproject.com.maven.testproject.AppTest)]" name="launchWebsite" duration-ms="90620" started-at="2019-02-22T14:11:02Z" finished-at="2019-02-22T14:12:32Z">
          <reporter-output>
          </reporter-output>
        </test-method> <!-- launchWebsite -->
      </class> <!-- com.maven.testproject.com.maven.testproject.AppTest -->
    </test> <!-- Surefire test -->
  </suite> <!-- Surefire suite -->
</testng-results>
